<?xml version="1.0" encoding="UTF-8" ?>
<testsuite failures="0" time="1.858" errors="0" skipped="0" tests="4" name="nl.coralic.picasa.backup.PicasaBackupTest">
  <properties>
[...]
</properties>
  <testcase time="1.698" classname="nl.coralic.picasa.backup.PicasaBackupTest" name="loginSuccessful"/>
  <testcase time="0.003" classname="nl.coralic.picasa.backup.PicasaBackupTest" name="tryEmptyUsername"/>
  <testcase time="0" classname="nl.coralic.picasa.backup.PicasaBackupTest" name="tryEmptyPassword"/>
  <testcase time="0.044" classname="nl.coralic.picasa.backup.PicasaBackupTest" name="wrongCredentials"/>
</testsuite>